<?xml version="1.0" encoding="UTF-8"?>
<!-- Generated by org.testng.reporters.JUnitXMLReporter -->
<testsuite ignored="2" hostname="DESKTOP-UNVGE05" failures="0" tests="1" name="Test" time="0.025" errors="0" timestamp="2023-06-02T11:26:06 AEST">
  <testcase classname="TestCases.BaseClass" name="@BeforeSuite ExcelSetup" time="0.262">
    <failure type="java.lang.IllegalArgumentException" message="InputStream of class class org.apache.commons.compress.archivers.zip.ZipArchiveInputStream is not implementing InputStreamStatistics.">
      <![CDATA[java.lang.IllegalArgumentException: InputStream of class class org.apache.commons.compress.archivers.zip.ZipArchiveInputStream is not implementing InputStreamStatistics.
at org.apache.poi.openxml4j.util.ZipArchiveThresholdInputStream.<init>(ZipArchiveThresholdInputStream.java:65)
at org.apache.poi.openxml4j.opc.internal.ZipHelper.openZipStream(ZipHelper.java:178)
at org.apache.poi.openxml4j.opc.ZipPackage.<init>(ZipPackage.java:130)
at org.apache.poi.openxml4j.opc.OPCPackage.open(OPCPackage.java:312)
at org.apache.poi.ooxml.util.PackageHelper.open(PackageHelper.java:59)
at org.apache.poi.xssf.usermodel.XSSFWorkbook.<init>(XSSFWorkbook.java:289)
at org.apache.poi.xssf.usermodel.XSSFWorkbook.<init>(XSSFWorkbook.java:285)
at com.codoid.products.fillo.Fillo.getWorkbook(Fillo.java:57)
at com.codoid.products.fillo.Fillo.getConnection(Fillo.java:41)
at TestCases.BaseClass.ExcelSetup(BaseClass.java:49)
... Removed 19 stack frames]]>
    </failure>
  </testcase> <!-- @BeforeSuite ExcelSetup -->
  <testcase classname="TestCases.BaseClass" name="@BeforeClass setup" time="0.0">
    <skipped/>
  </testcase> <!-- @BeforeClass setup -->
  <testcase classname="TestCases.BaseClass" name="@AfterClass tearDown" time="0.0">
    <skipped/>
  </testcase> <!-- @AfterClass tearDown -->
  <testcase classname="TestCases.TC003_InvalidCredentials" name="TC003_InvalidCredentials" time="0.0">
    <skipped/>
  </testcase> <!-- TC003_InvalidCredentials -->
  <testcase classname="TestCases.BaseClass" name="@AfterSuite closeExcelSetup" time="0.0">
    <ignored/>
  </testcase> <!-- @AfterSuite closeExcelSetup -->
  <testcase classname="TestCases.BaseClass" name="@BeforeSuite ExcelSetup" time="0.0">
    <ignored/>
  </testcase> <!-- @BeforeSuite ExcelSetup -->
</testsuite> <!-- Test -->
