<?xml version="1.0" encoding="UTF-8"?>
<!-- Generated by org.testng.reporters.JUnitXMLReporter -->
<testsuite ignored="2" hostname="DESKTOP-UNVGE05" failures="0" tests="1" name="Test" time="17.881" errors="0" timestamp="2023-06-02T09:36:43 AEST">
  <testcase classname="TestCases.TC003_InvalidCredentials" name="TC003_InvalidCredentials" time="4.759"/>
  <testcase classname="TestCases.BaseClass" name="@AfterSuite closeExcelSetup" time="0.0">
    <ignored/>
  </testcase> <!-- @AfterSuite closeExcelSetup -->
  <testcase classname="TestCases.BaseClass" name="@BeforeSuite ExcelSetup" time="0.0">
    <ignored/>
  </testcase> <!-- @BeforeSuite ExcelSetup -->
</testsuite> <!-- Test -->
