<?xml version="1.0" encoding="UTF-8"?>
<testng-results ignored="0" total="1" passed="1" failed="0" skipped="0">
  <reporter-output>
  </reporter-output>
  <suite started-at="2023-06-01T19:29:40 AEST" name="automationexcercise" finished-at="2023-06-01T19:29:59 AEST" duration-ms="18380">
    <groups>
    </groups>
    <test started-at="2023-06-01T19:29:40 AEST" name="Master" finished-at="2023-06-01T19:29:59 AEST" duration-ms="18380">
      <class name="TestCases.TC003_InvalidCredentials">
        <test-method is-config="true" signature="ExcelSetup()[pri:0, instance:TestCases.TC003_InvalidCredentials@2cb4893b]" started-at="2023-06-01T19:29:40 AEST" name="ExcelSetup" finished-at="2023-06-01T19:29:40 AEST" duration-ms="415" status="PASS">
          <reporter-output>
          </reporter-output>
        </test-method> <!-- ExcelSetup -->
        <test-method is-config="true" signature="setup()[pri:0, instance:TestCases.TC003_InvalidCredentials@2cb4893b]" started-at="2023-06-01T19:29:40 AEST" name="setup" finished-at="2023-06-01T19:29:53 AEST" duration-ms="12474" status="PASS">
          <reporter-output>
          </reporter-output>
        </test-method> <!-- setup -->
        <test-method signature="TC003_InvalidCredentials()[pri:3, instance:TestCases.TC003_InvalidCredentials@2cb4893b]" started-at="2023-06-01T19:29:53 AEST" name="TC003_InvalidCredentials" finished-at="2023-06-01T19:29:58 AEST" duration-ms="4965" status="PASS">
          <reporter-output>
          </reporter-output>
        </test-method> <!-- TC003_InvalidCredentials -->
        <test-method is-config="true" signature="tearDown()[pri:0, instance:TestCases.TC003_InvalidCredentials@2cb4893b]" started-at="2023-06-01T19:29:58 AEST" name="tearDown" finished-at="2023-06-01T19:29:59 AEST" duration-ms="555" status="PASS">
          <reporter-output>
          </reporter-output>
        </test-method> <!-- tearDown -->
        <test-method is-config="true" signature="closeExcelSetup()[pri:0, instance:TestCases.TC003_InvalidCredentials@2cb4893b]" started-at="2023-06-01T19:29:59 AEST" name="closeExcelSetup" finished-at="2023-06-01T19:29:59 AEST" duration-ms="0" status="PASS">
          <reporter-output>
          </reporter-output>
        </test-method> <!-- closeExcelSetup -->
      </class> <!-- TestCases.TC003_InvalidCredentials -->
    </test> <!-- Master -->
  </suite> <!-- automationexcercise -->
</testng-results>
