<?xml version="1.0" encoding="UTF-8"?>
<testng-results ignored="2" total="3" passed="1" failed="0" skipped="0">
  <reporter-output>
  </reporter-output>
  <suite started-at="2023-06-02T09:34:43 AEST" name="Suite" finished-at="2023-06-02T09:34:55 AEST" duration-ms="12177">
    <groups>
    </groups>
    <test started-at="2023-06-02T09:34:43 AEST" name="Test" finished-at="2023-06-02T09:34:55 AEST" duration-ms="12177">
      <class name="TestCases.TC003_InvalidCredentials">
        <test-method is-config="true" signature="ExcelSetup()[pri:0, instance:TestCases.TC003_InvalidCredentials@3f191845]" started-at="2023-06-02T09:34:43 AEST" name="ExcelSetup" finished-at="2023-06-02T09:34:43 AEST" duration-ms="279" status="PASS">
          <reporter-output>
          </reporter-output>
        </test-method> <!-- ExcelSetup -->
        <test-method is-config="true" signature="setup()[pri:0, instance:TestCases.TC003_InvalidCredentials@3f191845]" started-at="2023-06-02T09:34:43 AEST" name="setup" finished-at="2023-06-02T09:34:51 AEST" duration-ms="7641" status="PASS">
          <reporter-output>
          </reporter-output>
        </test-method> <!-- setup -->
        <test-method signature="TC003_InvalidCredentials()[pri:3, instance:TestCases.TC003_InvalidCredentials@3f191845]" started-at="2023-06-02T09:34:51 AEST" name="TC003_InvalidCredentials" finished-at="2023-06-02T09:34:55 AEST" duration-ms="4073" status="PASS">
          <reporter-output>
          </reporter-output>
        </test-method> <!-- TC003_InvalidCredentials -->
        <test-method is-config="true" signature="tearDown()[pri:0, instance:TestCases.TC003_InvalidCredentials@3f191845]" started-at="2023-06-02T09:34:55 AEST" name="tearDown" finished-at="2023-06-02T09:34:55 AEST" duration-ms="438" status="PASS">
          <reporter-output>
          </reporter-output>
        </test-method> <!-- tearDown -->
        <test-method is-config="true" signature="closeExcelSetup()[pri:0, instance:TestCases.TC003_InvalidCredentials@3f191845]" started-at="2023-06-02T09:34:55 AEST" name="closeExcelSetup" finished-at="2023-06-02T09:34:55 AEST" duration-ms="0" status="PASS">
          <reporter-output>
          </reporter-output>
        </test-method> <!-- closeExcelSetup -->
      </class> <!-- TestCases.TC003_InvalidCredentials -->
    </test> <!-- Test -->
  </suite> <!-- Suite -->
</testng-results>
