<?xml version="1.0" encoding="UTF-8"?>
<testng-results ignored="0" total="1" passed="1" failed="0" skipped="0">
  <reporter-output>
  </reporter-output>
  <suite started-at="2023-06-01T14:39:53 AEST" name="Failed suite [Failed suite [automationexcercise]]" finished-at="2023-06-01T14:40:44 AEST" duration-ms="51324">
    <groups>
    </groups>
    <test started-at="2023-06-01T14:39:53 AEST" name="Master(failed)(failed)" finished-at="2023-06-01T14:40:44 AEST" duration-ms="51324">
      <class name="TestCases.TC012_Add_Products_in_Cart">
        <test-method is-config="true" signature="ExcelSetup()[pri:0, instance:TestCases.TC012_Add_Products_in_Cart@25ce9dc4]" started-at="2023-06-01T14:39:52 AEST" name="ExcelSetup" finished-at="2023-06-01T14:39:53 AEST" duration-ms="761" status="PASS">
          <reporter-output>
          </reporter-output>
        </test-method> <!-- ExcelSetup -->
        <test-method is-config="true" signature="setup()[pri:0, instance:TestCases.TC012_Add_Products_in_Cart@25ce9dc4]" started-at="2023-06-01T14:39:53 AEST" name="setup" finished-at="2023-06-01T14:40:09 AEST" duration-ms="15474" status="PASS">
          <reporter-output>
          </reporter-output>
        </test-method> <!-- setup -->
        <test-method signature="TC012_AddProducts()[pri:12, instance:TestCases.TC012_Add_Products_in_Cart@25ce9dc4]" started-at="2023-06-01T14:40:09 AEST" name="TC012_AddProducts" finished-at="2023-06-01T14:40:43 AEST" duration-ms="34244" status="PASS">
          <reporter-output>
          </reporter-output>
        </test-method> <!-- TC012_AddProducts -->
        <test-method is-config="true" signature="tearDown()[pri:0, instance:TestCases.TC012_Add_Products_in_Cart@25ce9dc4]" started-at="2023-06-01T14:40:43 AEST" name="tearDown" finished-at="2023-06-01T14:40:44 AEST" duration-ms="901" status="PASS">
          <reporter-output>
          </reporter-output>
        </test-method> <!-- tearDown -->
        <test-method is-config="true" signature="closeExcelSetup()[pri:0, instance:TestCases.TC012_Add_Products_in_Cart@25ce9dc4]" started-at="2023-06-01T14:40:44 AEST" name="closeExcelSetup" finished-at="2023-06-01T14:40:44 AEST" duration-ms="1" status="PASS">
          <reporter-output>
          </reporter-output>
        </test-method> <!-- closeExcelSetup -->
      </class> <!-- TestCases.TC012_Add_Products_in_Cart -->
    </test> <!-- Master(failed)(failed) -->
  </suite> <!-- Failed suite [Failed suite [automationexcercise]] -->
</testng-results>
