<?xml version="1.0" encoding="UTF-8"?>
<!-- Generated by org.testng.reporters.JUnitXMLReporter -->
<testsuite ignored="12" hostname="DESKTOP-UNVGE05" failures="2" tests="7" name="Master" time="120.49" errors="0" timestamp="2023-05-26T09:55:06 AEST">
  <testcase classname="TestCases.TC001_Register_User" name="TC001_Register_newuser" time="12.711">
    <failure type="org.openqa.selenium.NoSuchElementException" message="no such element: Unable to locate element: {&amp;quot;method&amp;quot;:&amp;quot;xpath&amp;quot;,&amp;quot;selector&amp;quot;:&amp;quot;//div[@id=&amp;apos;dismiss-button&amp;apos;]&amp;quot;}
  (Session info: chrome=113.0.5672.127)
For documentation on this error, please visit: https://selenium.dev/exceptions/#no_such_element
Build info: version: &amp;apos;4.8.3&amp;apos;, revision: &amp;apos;e5e76298c3&amp;apos;
System info: os.name: &amp;apos;Windows 11&amp;apos;, os.arch: &amp;apos;amd64&amp;apos;, os.version: &amp;apos;10.0&amp;apos;, java.version: &amp;apos;17.0.5&amp;apos;
Driver info: org.openqa.selenium.chrome.ChromeDriver
Command: [3570eca912bc1132e4fbaf6782f9c4e7, findElement {using=xpath, value=//div[@id=&amp;apos;dismiss-button&amp;apos;]}]
Capabilities {acceptInsecureCerts: false, browserName: chrome, browserVersion: 113.0.5672.127, chrome: {chromedriverVersion: 113.0.5672.63 (0e1a4471d5ae..., userDataDir: C:\Users\sanpr\AppData\Loca...}, goog:chromeOptions: {debuggerAddress: localhost:64601}, networkConnectionEnabled: false, pageLoadStrategy: normal, platformName: WINDOWS, proxy: Proxy(), se:cdp: ws://localhost:64601/devtoo..., se:cdpVersion: 113.0.5672.127, setWindowRect: true, strictFileInteractability: false, timeouts: {implicit: 0, pageLoad: 300000, script: 30000}, unhandledPromptBehavior: dismiss and notify, webauthn:extension:credBlob: true, webauthn:extension:largeBlob: true, webauthn:extension:minPinLength: true, webauthn:extension:prf: true, webauthn:virtualAuthenticators: true}
Session ID: 3570eca912bc1132e4fbaf6782f9c4e7">
      <![CDATA[org.openqa.selenium.NoSuchElementException: no such element: Unable to locate element: {"method":"xpath","selector":"//div[@id='dismiss-button']"}
  (Session info: chrome=113.0.5672.127)
For documentation on this error, please visit: https://selenium.dev/exceptions/#no_such_element
Build info: version: '4.8.3', revision: 'e5e76298c3'
System info: os.name: 'Windows 11', os.arch: 'amd64', os.version: '10.0', java.version: '17.0.5'
Driver info: org.openqa.selenium.chrome.ChromeDriver
Command: [3570eca912bc1132e4fbaf6782f9c4e7, findElement {using=xpath, value=//div[@id='dismiss-button']}]
Capabilities {acceptInsecureCerts: false, browserName: chrome, browserVersion: 113.0.5672.127, chrome: {chromedriverVersion: 113.0.5672.63 (0e1a4471d5ae..., userDataDir: C:\Users\sanpr\AppData\Loca...}, goog:chromeOptions: {debuggerAddress: localhost:64601}, networkConnectionEnabled: false, pageLoadStrategy: normal, platformName: WINDOWS, proxy: Proxy(), se:cdp: ws://localhost:64601/devtoo..., se:cdpVersion: 113.0.5672.127, setWindowRect: true, strictFileInteractability: false, timeouts: {implicit: 0, pageLoad: 300000, script: 30000}, unhandledPromptBehavior: dismiss and notify, webauthn:extension:credBlob: true, webauthn:extension:largeBlob: true, webauthn:extension:minPinLength: true, webauthn:extension:prf: true, webauthn:virtualAuthenticators: true}
Session ID: 3570eca912bc1132e4fbaf6782f9c4e7
at org.openqa.selenium.remote.codec.w3c.W3CHttpResponseCodec.createException(W3CHttpResponseCodec.java:200)
at org.openqa.selenium.remote.codec.w3c.W3CHttpResponseCodec.decode(W3CHttpResponseCodec.java:133)
at org.openqa.selenium.remote.codec.w3c.W3CHttpResponseCodec.decode(W3CHttpResponseCodec.java:53)
at org.openqa.selenium.remote.HttpCommandExecutor.execute(HttpCommandExecutor.java:193)
at org.openqa.selenium.remote.service.DriverCommandExecutor.invokeExecute(DriverCommandExecutor.java:183)
at org.openqa.selenium.remote.service.DriverCommandExecutor.execute(DriverCommandExecutor.java:158)
at org.openqa.selenium.remote.RemoteWebDriver.execute(RemoteWebDriver.java:543)
at org.openqa.selenium.remote.ElementLocation$ElementFinder$2.findElement(ElementLocation.java:162)
at org.openqa.selenium.remote.ElementLocation.findElement(ElementLocation.java:60)
at org.openqa.selenium.remote.RemoteWebDriver.findElement(RemoteWebDriver.java:352)
at org.openqa.selenium.remote.RemoteWebDriver.findElement(RemoteWebDriver.java:344)
at org.openqa.selenium.support.pagefactory.DefaultElementLocator.findElement(DefaultElementLocator.java:70)
at org.openqa.selenium.support.pagefactory.internal.LocatingElementHandler.invoke(LocatingElementHandler.java:39)
at jdk.proxy2/jdk.proxy2.$Proxy22.isDisplayed(Unknown Source)
at Page_objects.LandingPage.dismiss_adv(LandingPage.java:64)
at TestCases.TC001_Register_User.TC001_Register_newuser(TC001_Register_User.java:80)
at java.base/java.util.ArrayList.forEach(ArrayList.java:1511)
... Removed 32 stack frames]]>
    </failure>
  </testcase> <!-- TC001_Register_newuser -->
  <testcase classname="TestCases.TC002_ValidCredentials" name="TC002_ValidCredentials" time="16.739"/>
  <testcase classname="TestCases.TC003_InvalidCredentials" name="TC003_InvalidCredentials" time="5.791"/>
  <testcase classname="TestCases.TC004_LogoutUser" name="TC004_LogoutUser" time="11.161"/>
  <testcase classname="TestCases.TC005_Register_User_With_Registeredemail" name="TC005_registration_with_Existing_Email" time="3.998"/>
  <testcase classname="TestCases.TC006_Contactus_form" name="TC006_Contactus" time="5.83"/>
  <testcase classname="TestCases.TC007_TestCases_Tab" name="TC007_TestCAses_Tab" time="5.11">
    <failure type="org.openqa.selenium.NoSuchElementException" message="no such element: Unable to locate element: {&amp;quot;method&amp;quot;:&amp;quot;xpath&amp;quot;,&amp;quot;selector&amp;quot;:&amp;quot;//iframe[@id=&amp;apos;aswift_3&amp;apos;]&amp;quot;}
  (Session info: chrome=113.0.5672.127)
For documentation on this error, please visit: https://selenium.dev/exceptions/#no_such_element
Build info: version: &amp;apos;4.8.3&amp;apos;, revision: &amp;apos;e5e76298c3&amp;apos;
System info: os.name: &amp;apos;Windows 11&amp;apos;, os.arch: &amp;apos;amd64&amp;apos;, os.version: &amp;apos;10.0&amp;apos;, java.version: &amp;apos;17.0.5&amp;apos;
Driver info: org.openqa.selenium.chrome.ChromeDriver
Command: [b2cd0adb8a73a19125f5d2dfdf4c2d4b, findElement {using=xpath, value=//iframe[@id=&amp;apos;aswift_3&amp;apos;]}]
Capabilities {acceptInsecureCerts: false, browserName: chrome, browserVersion: 113.0.5672.127, chrome: {chromedriverVersion: 113.0.5672.63 (0e1a4471d5ae..., userDataDir: C:\Users\sanpr\AppData\Loca...}, goog:chromeOptions: {debuggerAddress: localhost:65206}, networkConnectionEnabled: false, pageLoadStrategy: normal, platformName: WINDOWS, proxy: Proxy(), se:cdp: ws://localhost:65206/devtoo..., se:cdpVersion: 113.0.5672.127, setWindowRect: true, strictFileInteractability: false, timeouts: {implicit: 0, pageLoad: 300000, script: 30000}, unhandledPromptBehavior: dismiss and notify, webauthn:extension:credBlob: true, webauthn:extension:largeBlob: true, webauthn:extension:minPinLength: true, webauthn:extension:prf: true, webauthn:virtualAuthenticators: true}
Session ID: b2cd0adb8a73a19125f5d2dfdf4c2d4b">
      <![CDATA[org.openqa.selenium.NoSuchElementException: no such element: Unable to locate element: {"method":"xpath","selector":"//iframe[@id='aswift_3']"}
  (Session info: chrome=113.0.5672.127)
For documentation on this error, please visit: https://selenium.dev/exceptions/#no_such_element
Build info: version: '4.8.3', revision: 'e5e76298c3'
System info: os.name: 'Windows 11', os.arch: 'amd64', os.version: '10.0', java.version: '17.0.5'
Driver info: org.openqa.selenium.chrome.ChromeDriver
Command: [b2cd0adb8a73a19125f5d2dfdf4c2d4b, findElement {using=xpath, value=//iframe[@id='aswift_3']}]
Capabilities {acceptInsecureCerts: false, browserName: chrome, browserVersion: 113.0.5672.127, chrome: {chromedriverVersion: 113.0.5672.63 (0e1a4471d5ae..., userDataDir: C:\Users\sanpr\AppData\Loca...}, goog:chromeOptions: {debuggerAddress: localhost:65206}, networkConnectionEnabled: false, pageLoadStrategy: normal, platformName: WINDOWS, proxy: Proxy(), se:cdp: ws://localhost:65206/devtoo..., se:cdpVersion: 113.0.5672.127, setWindowRect: true, strictFileInteractability: false, timeouts: {implicit: 0, pageLoad: 300000, script: 30000}, unhandledPromptBehavior: dismiss and notify, webauthn:extension:credBlob: true, webauthn:extension:largeBlob: true, webauthn:extension:minPinLength: true, webauthn:extension:prf: true, webauthn:virtualAuthenticators: true}
Session ID: b2cd0adb8a73a19125f5d2dfdf4c2d4b
at org.openqa.selenium.remote.codec.w3c.W3CHttpResponseCodec.createException(W3CHttpResponseCodec.java:200)
at org.openqa.selenium.remote.codec.w3c.W3CHttpResponseCodec.decode(W3CHttpResponseCodec.java:133)
at org.openqa.selenium.remote.codec.w3c.W3CHttpResponseCodec.decode(W3CHttpResponseCodec.java:53)
at org.openqa.selenium.remote.HttpCommandExecutor.execute(HttpCommandExecutor.java:193)
at org.openqa.selenium.remote.service.DriverCommandExecutor.invokeExecute(DriverCommandExecutor.java:183)
at org.openqa.selenium.remote.service.DriverCommandExecutor.execute(DriverCommandExecutor.java:158)
at org.openqa.selenium.remote.RemoteWebDriver.execute(RemoteWebDriver.java:543)
at org.openqa.selenium.remote.ElementLocation$ElementFinder$2.findElement(ElementLocation.java:162)
at org.openqa.selenium.remote.ElementLocation.findElement(ElementLocation.java:60)
at org.openqa.selenium.remote.RemoteWebDriver.findElement(RemoteWebDriver.java:352)
at org.openqa.selenium.remote.RemoteWebDriver.findElement(RemoteWebDriver.java:344)
at org.openqa.selenium.support.pagefactory.DefaultElementLocator.findElement(DefaultElementLocator.java:70)
at org.openqa.selenium.support.pagefactory.internal.LocatingElementHandler.invoke(LocatingElementHandler.java:39)
at jdk.proxy2/jdk.proxy2.$Proxy22.isDisplayed(Unknown Source)
at Page_objects.TestCasePage.dismiss_advertisement(TestCasePage.java:32)
at TestCases.TC007_TestCases_Tab.TC007_TestCAses_Tab(TC007_TestCases_Tab.java:26)
at java.base/java.util.ArrayList.forEach(ArrayList.java:1511)
... Removed 32 stack frames]]>
    </failure>
  </testcase> <!-- TC007_TestCAses_Tab -->
  <testcase classname="TestCases.BaseClass" name="@BeforeSuite ExcelSetup" time="0.0">
    <ignored/>
  </testcase> <!-- @BeforeSuite ExcelSetup -->
  <testcase classname="TestCases.BaseClass" name="@BeforeSuite ExcelSetup" time="0.0">
    <ignored/>
  </testcase> <!-- @BeforeSuite ExcelSetup -->
  <testcase classname="TestCases.BaseClass" name="@AfterSuite closeExcelSetup" time="0.0">
    <ignored/>
  </testcase> <!-- @AfterSuite closeExcelSetup -->
  <testcase classname="TestCases.BaseClass" name="@BeforeSuite ExcelSetup" time="0.0">
    <ignored/>
  </testcase> <!-- @BeforeSuite ExcelSetup -->
  <testcase classname="TestCases.BaseClass" name="@AfterSuite closeExcelSetup" time="0.0">
    <ignored/>
  </testcase> <!-- @AfterSuite closeExcelSetup -->
  <testcase classname="TestCases.BaseClass" name="@AfterSuite closeExcelSetup" time="0.0">
    <ignored/>
  </testcase> <!-- @AfterSuite closeExcelSetup -->
  <testcase classname="TestCases.BaseClass" name="@AfterSuite closeExcelSetup" time="0.0">
    <ignored/>
  </testcase> <!-- @AfterSuite closeExcelSetup -->
  <testcase classname="TestCases.BaseClass" name="@AfterSuite closeExcelSetup" time="0.0">
    <ignored/>
  </testcase> <!-- @AfterSuite closeExcelSetup -->
  <testcase classname="TestCases.BaseClass" name="@AfterSuite closeExcelSetup" time="0.0">
    <ignored/>
  </testcase> <!-- @AfterSuite closeExcelSetup -->
  <testcase classname="TestCases.BaseClass" name="@BeforeSuite ExcelSetup" time="0.0">
    <ignored/>
  </testcase> <!-- @BeforeSuite ExcelSetup -->
  <testcase classname="TestCases.BaseClass" name="@BeforeSuite ExcelSetup" time="0.0">
    <ignored/>
  </testcase> <!-- @BeforeSuite ExcelSetup -->
  <testcase classname="TestCases.BaseClass" name="@BeforeSuite ExcelSetup" time="0.0">
    <ignored/>
  </testcase> <!-- @BeforeSuite ExcelSetup -->
</testsuite> <!-- Master -->
