<?xml version="1.0" encoding="UTF-8"?>
<!-- Generated by org.testng.reporters.JUnitXMLReporter -->
<testsuite ignored="28" hostname="DESKTOP-UNVGE05" failures="1" tests="15" name="Master" time="595.996" errors="0" timestamp="2023-06-01T14:36:58 AEST">
  <testcase classname="TestCases.TC001_Register_User" name="TC001_Register_newuser" time="48.2"/>
  <testcase classname="TestCases.TC002_ValidCredentials" name="TC002_ValidCredentials" time="12.01"/>
  <testcase classname="TestCases.TC003_InvalidCredentials" name="TC003_InvalidCredentials" time="5.288"/>
  <testcase classname="TestCases.TC004_LogoutUser" name="TC004_LogoutUser" time="10.225"/>
  <testcase classname="TestCases.TC005_Register_User_With_Registeredemail" name="TC005_registration_with_Existing_Email" time="4.726"/>
  <testcase classname="TestCases.TC006_Contactus_form" name="TC006_Contactus" time="5.487"/>
  <testcase classname="TestCases.TC007_TestCases_Tab" name="TC007_TestCases_Tab" time="10.281"/>
  <testcase classname="TestCases.TC008_Verify_All_Product" name="TC008_Verify_ProductList" time="27.521"/>
  <testcase classname="TestCases.TC009_Search_Product" name="TC008_Verify_ProductList" time="29.172"/>
  <testcase classname="TestCases.TC010_Verify_Subscription" name="TC010_Verify_Subsription" time="0.583"/>
  <testcase classname="TestCases.TC011_Verify_Subscription_inCart" name="TC010_Verify_Subsription" time="3.22"/>
  <testcase classname="TestCases.TC012_Add_Products_in_Cart" name="TC012_AddProducts" time="58.181">
    <failure type="org.openqa.selenium.NoSuchElementException" message="no such element: Unable to locate element: {&amp;quot;method&amp;quot;:&amp;quot;xpath&amp;quot;,&amp;quot;selector&amp;quot;:&amp;quot;//a[@data-product-id=&amp;apos;1&amp;apos;]//ancestor::div[@class=&amp;apos;overlay-content&amp;apos;]&amp;quot;}
  (Session info: chrome=113.0.5672.127)
For documentation on this error, please visit: https://selenium.dev/exceptions/#no_such_element
Build info: version: &amp;apos;4.8.3&amp;apos;, revision: &amp;apos;e5e76298c3&amp;apos;
System info: os.name: &amp;apos;Windows 11&amp;apos;, os.arch: &amp;apos;amd64&amp;apos;, os.version: &amp;apos;10.0&amp;apos;, java.version: &amp;apos;17.0.5&amp;apos;
Driver info: org.openqa.selenium.chrome.ChromeDriver
Command: [8c6fd624a7346ca3fb7e67d15e6b69f9, findElement {using=xpath, value=//a[@data-product-id=&amp;apos;1&amp;apos;]//ancestor::div[@class=&amp;apos;overlay-content&amp;apos;]}]
Capabilities {acceptInsecureCerts: false, browserName: chrome, browserVersion: 113.0.5672.127, chrome: {chromedriverVersion: 113.0.5672.63 (0e1a4471d5ae..., userDataDir: C:\Users\sanpr\AppData\Loca...}, goog:chromeOptions: {debuggerAddress: localhost:59091}, networkConnectionEnabled: false, pageLoadStrategy: normal, platformName: WINDOWS, proxy: Proxy(), se:cdp: ws://localhost:59091/devtoo..., se:cdpVersion: 113.0.5672.127, setWindowRect: true, strictFileInteractability: false, timeouts: {implicit: 0, pageLoad: 300000, script: 30000}, unhandledPromptBehavior: dismiss and notify, webauthn:extension:credBlob: true, webauthn:extension:largeBlob: true, webauthn:extension:minPinLength: true, webauthn:extension:prf: true, webauthn:virtualAuthenticators: true}
Session ID: 8c6fd624a7346ca3fb7e67d15e6b69f9">
      <![CDATA[org.openqa.selenium.NoSuchElementException: no such element: Unable to locate element: {"method":"xpath","selector":"//a[@data-product-id='1']//ancestor::div[@class='overlay-content']"}
  (Session info: chrome=113.0.5672.127)
For documentation on this error, please visit: https://selenium.dev/exceptions/#no_such_element
Build info: version: '4.8.3', revision: 'e5e76298c3'
System info: os.name: 'Windows 11', os.arch: 'amd64', os.version: '10.0', java.version: '17.0.5'
Driver info: org.openqa.selenium.chrome.ChromeDriver
Command: [8c6fd624a7346ca3fb7e67d15e6b69f9, findElement {using=xpath, value=//a[@data-product-id='1']//ancestor::div[@class='overlay-content']}]
Capabilities {acceptInsecureCerts: false, browserName: chrome, browserVersion: 113.0.5672.127, chrome: {chromedriverVersion: 113.0.5672.63 (0e1a4471d5ae..., userDataDir: C:\Users\sanpr\AppData\Loca...}, goog:chromeOptions: {debuggerAddress: localhost:59091}, networkConnectionEnabled: false, pageLoadStrategy: normal, platformName: WINDOWS, proxy: Proxy(), se:cdp: ws://localhost:59091/devtoo..., se:cdpVersion: 113.0.5672.127, setWindowRect: true, strictFileInteractability: false, timeouts: {implicit: 0, pageLoad: 300000, script: 30000}, unhandledPromptBehavior: dismiss and notify, webauthn:extension:credBlob: true, webauthn:extension:largeBlob: true, webauthn:extension:minPinLength: true, webauthn:extension:prf: true, webauthn:virtualAuthenticators: true}
Session ID: 8c6fd624a7346ca3fb7e67d15e6b69f9
at org.openqa.selenium.remote.codec.w3c.W3CHttpResponseCodec.createException(W3CHttpResponseCodec.java:200)
at org.openqa.selenium.remote.codec.w3c.W3CHttpResponseCodec.decode(W3CHttpResponseCodec.java:133)
at org.openqa.selenium.remote.codec.w3c.W3CHttpResponseCodec.decode(W3CHttpResponseCodec.java:53)
at org.openqa.selenium.remote.HttpCommandExecutor.execute(HttpCommandExecutor.java:193)
at org.openqa.selenium.remote.service.DriverCommandExecutor.invokeExecute(DriverCommandExecutor.java:183)
at org.openqa.selenium.remote.service.DriverCommandExecutor.execute(DriverCommandExecutor.java:158)
at org.openqa.selenium.remote.RemoteWebDriver.execute(RemoteWebDriver.java:543)
at org.openqa.selenium.remote.ElementLocation$ElementFinder$2.findElement(ElementLocation.java:162)
at org.openqa.selenium.remote.ElementLocation.findElement(ElementLocation.java:60)
at org.openqa.selenium.remote.RemoteWebDriver.findElement(RemoteWebDriver.java:352)
at org.openqa.selenium.remote.RemoteWebDriver.findElement(RemoteWebDriver.java:344)
at Page_objects.ProductPage.addproduct_addcart(ProductPage.java:185)
at TestCases.TC012_Add_Products_in_Cart.TC012_AddProducts(TC012_Add_Products_in_Cart.java:35)
at java.base/java.util.ArrayList.forEach(ArrayList.java:1511)
... Removed 32 stack frames]]>
    </failure>
  </testcase> <!-- TC012_AddProducts -->
  <testcase classname="TestCases.TC013_Verify_Products_quantity_in_Cart" name="TC013_VerifyProductsQuantity" time="43.953"/>
  <testcase classname="TestCases.TC014_Verify_Place_OrderRegisterwhilecheckout" name="TC014_VerifyPlacedOrder" time="110.24"/>
  <testcase classname="TestCases.TC015_Verify_Place_OrderRegisterbeforecheckout" name="TC014_VerifyPlacedOrder" time="69.022"/>
  <testcase classname="TestCases.BaseClass" name="@AfterSuite closeExcelSetup" time="0.0">
    <ignored/>
  </testcase> <!-- @AfterSuite closeExcelSetup -->
  <testcase classname="TestCases.BaseClass" name="@BeforeSuite ExcelSetup" time="0.0">
    <ignored/>
  </testcase> <!-- @BeforeSuite ExcelSetup -->
  <testcase classname="TestCases.BaseClass" name="@BeforeSuite ExcelSetup" time="0.0">
    <ignored/>
  </testcase> <!-- @BeforeSuite ExcelSetup -->
  <testcase classname="TestCases.BaseClass" name="@AfterSuite closeExcelSetup" time="0.0">
    <ignored/>
  </testcase> <!-- @AfterSuite closeExcelSetup -->
  <testcase classname="TestCases.BaseClass" name="@AfterSuite closeExcelSetup" time="0.0">
    <ignored/>
  </testcase> <!-- @AfterSuite closeExcelSetup -->
  <testcase classname="TestCases.BaseClass" name="@AfterSuite closeExcelSetup" time="0.0">
    <ignored/>
  </testcase> <!-- @AfterSuite closeExcelSetup -->
  <testcase classname="TestCases.BaseClass" name="@BeforeSuite ExcelSetup" time="0.0">
    <ignored/>
  </testcase> <!-- @BeforeSuite ExcelSetup -->
  <testcase classname="TestCases.BaseClass" name="@AfterSuite closeExcelSetup" time="0.0">
    <ignored/>
  </testcase> <!-- @AfterSuite closeExcelSetup -->
  <testcase classname="TestCases.BaseClass" name="@AfterSuite closeExcelSetup" time="0.0">
    <ignored/>
  </testcase> <!-- @AfterSuite closeExcelSetup -->
  <testcase classname="TestCases.BaseClass" name="@BeforeSuite ExcelSetup" time="0.0">
    <ignored/>
  </testcase> <!-- @BeforeSuite ExcelSetup -->
  <testcase classname="TestCases.BaseClass" name="@BeforeSuite ExcelSetup" time="0.0">
    <ignored/>
  </testcase> <!-- @BeforeSuite ExcelSetup -->
  <testcase classname="TestCases.BaseClass" name="@BeforeSuite ExcelSetup" time="0.0">
    <ignored/>
  </testcase> <!-- @BeforeSuite ExcelSetup -->
  <testcase classname="TestCases.BaseClass" name="@AfterSuite closeExcelSetup" time="0.0">
    <ignored/>
  </testcase> <!-- @AfterSuite closeExcelSetup -->
  <testcase classname="TestCases.BaseClass" name="@AfterSuite closeExcelSetup" time="0.0">
    <ignored/>
  </testcase> <!-- @AfterSuite closeExcelSetup -->
  <testcase classname="TestCases.BaseClass" name="@AfterSuite closeExcelSetup" time="0.0">
    <ignored/>
  </testcase> <!-- @AfterSuite closeExcelSetup -->
  <testcase classname="TestCases.BaseClass" name="@BeforeSuite ExcelSetup" time="0.0">
    <ignored/>
  </testcase> <!-- @BeforeSuite ExcelSetup -->
  <testcase classname="TestCases.BaseClass" name="@AfterSuite closeExcelSetup" time="0.0">
    <ignored/>
  </testcase> <!-- @AfterSuite closeExcelSetup -->
  <testcase classname="TestCases.BaseClass" name="@BeforeSuite ExcelSetup" time="0.0">
    <ignored/>
  </testcase> <!-- @BeforeSuite ExcelSetup -->
  <testcase classname="TestCases.BaseClass" name="@AfterSuite closeExcelSetup" time="0.0">
    <ignored/>
  </testcase> <!-- @AfterSuite closeExcelSetup -->
  <testcase classname="TestCases.BaseClass" name="@BeforeSuite ExcelSetup" time="0.0">
    <ignored/>
  </testcase> <!-- @BeforeSuite ExcelSetup -->
  <testcase classname="TestCases.BaseClass" name="@AfterSuite closeExcelSetup" time="0.0">
    <ignored/>
  </testcase> <!-- @AfterSuite closeExcelSetup -->
  <testcase classname="TestCases.BaseClass" name="@BeforeSuite ExcelSetup" time="0.0">
    <ignored/>
  </testcase> <!-- @BeforeSuite ExcelSetup -->
  <testcase classname="TestCases.BaseClass" name="@AfterSuite closeExcelSetup" time="0.0">
    <ignored/>
  </testcase> <!-- @AfterSuite closeExcelSetup -->
  <testcase classname="TestCases.BaseClass" name="@BeforeSuite ExcelSetup" time="0.0">
    <ignored/>
  </testcase> <!-- @BeforeSuite ExcelSetup -->
  <testcase classname="TestCases.BaseClass" name="@BeforeSuite ExcelSetup" time="0.0">
    <ignored/>
  </testcase> <!-- @BeforeSuite ExcelSetup -->
  <testcase classname="TestCases.BaseClass" name="@BeforeSuite ExcelSetup" time="0.0">
    <ignored/>
  </testcase> <!-- @BeforeSuite ExcelSetup -->
  <testcase classname="TestCases.BaseClass" name="@AfterSuite closeExcelSetup" time="0.0">
    <ignored/>
  </testcase> <!-- @AfterSuite closeExcelSetup -->
  <testcase classname="TestCases.BaseClass" name="@BeforeSuite ExcelSetup" time="0.0">
    <ignored/>
  </testcase> <!-- @BeforeSuite ExcelSetup -->
</testsuite> <!-- Master -->
